TN:
SF:src/manifest/cache.ts
FN:10,(anonymous_0)
FN:15,(anonymous_1)
FN:18,(anonymous_2)
FN:21,(anonymous_3)
FN:30,(anonymous_4)
FN:38,(anonymous_5)
FN:42,(anonymous_6)
FN:46,(anonymous_7)
FN:50,(anonymous_8)
FN:58,(anonymous_9)
FNF:10
FNH:7
FNDA:10,(anonymous_0)
FNDA:3,(anonymous_1)
FNDA:6,(anonymous_2)
FNDA:4,(anonymous_3)
FNDA:6,(anonymous_4)
FNDA:2,(anonymous_5)
FNDA:0,(anonymous_6)
FNDA:2,(anonymous_7)
FNDA:0,(anonymous_8)
FNDA:0,(anonymous_9)
DA:6,10
DA:11,10
DA:12,10
DA:16,3
DA:17,3
DA:18,6
DA:20,3
DA:22,4
DA:23,4
DA:24,4
DA:25,4
DA:31,6
DA:39,2
DA:43,0
DA:47,2
DA:51,0
DA:52,0
DA:53,0
DA:54,0
DA:55,0
DA:59,0
LF:21
LH:14
BRDA:32,0,0,6
BRDA:32,0,1,5
BRDA:32,0,2,4
BRDA:51,1,0,0
BRDA:51,1,1,0
BRF:5
BRH:3
end_of_record
TN:
SF:src/manifest/parser.ts
FN:9,parseManifest
FN:30,parseMinimal
FN:37,parseObject
FN:93,parseArray
FN:147,parseScalar
FN:158,(anonymous_5)
FN:159,(anonymous_6)
FN:167,getIndent
FNF:8
FNH:8
FNDA:43,parseManifest
FNDA:18,parseMinimal
FNDA:27,parseObject
FNDA:3,parseArray
FNDA:27,parseScalar
FNDA:2,(anonymous_5)
FNDA:2,(anonymous_6)
FNDA:49,getIndent
DA:10,43
DA:11,43
DA:13,39
DA:14,39
DA:16,39
DA:17,39
DA:18,39
DA:20,18
DA:31,18
DA:32,18
DA:38,27
DA:39,27
DA:41,27
DA:42,35
DA:43,35
DA:44,2
DA:45,2
DA:48,33
DA:49,33
DA:50,32
DA:51,2
DA:52,2
DA:55,30
DA:56,30
DA:58,30
DA:59,30
DA:61,30
DA:62,9
DA:63,9
DA:64,9
DA:65,9
DA:66,9
DA:67,9
DA:68,3
DA:69,3
DA:70,3
DA:72,6
DA:73,6
DA:74,6
DA:77,0
DA:80,21
DA:81,0
DA:82,0
DA:83,0
DA:85,21
DA:86,21
DA:90,27
DA:94,3
DA:95,3
DA:97,3
DA:98,6
DA:99,6
DA:100,0
DA:101,0
DA:103,6
DA:104,6
DA:106,6
DA:107,6
DA:109,6
DA:110,6
DA:111,0
DA:112,0
DA:113,0
DA:114,0
DA:115,0
DA:116,0
DA:117,0
DA:118,0
DA:121,6
DA:122,2
DA:123,2
DA:124,2
DA:125,2
DA:126,1
DA:127,1
DA:128,1
DA:129,1
DA:130,1
DA:131,1
DA:133,0
DA:136,1
DA:139,4
DA:140,4
DA:144,3
DA:148,27
DA:149,27
DA:150,25
DA:151,24
DA:152,22
DA:154,18
DA:155,1
DA:158,2
DA:159,2
DA:161,17
DA:162,3
DA:164,14
DA:168,49
LF:97
LH:82
BRDA:11,0,0,4
BRDA:11,0,1,39
BRDA:11,1,0,43
BRDA:11,1,1,39
BRDA:14,2,0,0
BRDA:14,2,1,39
BRDA:18,3,0,39
BRDA:18,3,1,0
BRDA:42,4,0,35
BRDA:42,4,1,0
BRDA:43,5,0,2
BRDA:43,5,1,33
BRDA:43,6,0,35
BRDA:43,6,1,34
BRDA:49,7,0,1
BRDA:49,7,1,32
BRDA:50,8,0,2
BRDA:50,8,1,30
BRDA:56,9,0,0
BRDA:56,9,1,30
BRDA:61,10,0,9
BRDA:61,10,1,21
BRDA:61,11,0,30
BRDA:61,11,1,21
BRDA:61,11,2,21
BRDA:63,12,0,9
BRDA:63,12,1,0
BRDA:64,13,0,9
BRDA:64,13,1,0
BRDA:66,14,0,9
BRDA:66,14,1,0
BRDA:67,15,0,3
BRDA:67,15,1,6
BRDA:80,16,0,0
BRDA:80,16,1,21
BRDA:98,17,0,6
BRDA:98,17,1,0
BRDA:99,18,0,0
BRDA:99,18,1,6
BRDA:104,19,0,0
BRDA:104,19,1,6
BRDA:107,20,0,0
BRDA:107,20,1,6
BRDA:110,21,0,0
BRDA:110,21,1,6
BRDA:112,22,0,0
BRDA:112,22,1,0
BRDA:113,23,0,0
BRDA:113,23,1,0
BRDA:115,24,0,0
BRDA:115,24,1,0
BRDA:121,25,0,2
BRDA:121,25,1,4
BRDA:125,26,0,1
BRDA:125,26,1,1
BRDA:126,27,0,1
BRDA:126,27,1,0
BRDA:128,28,0,1
BRDA:128,28,1,0
BRDA:149,29,0,2
BRDA:149,29,1,25
BRDA:150,30,0,1
BRDA:150,30,1,24
BRDA:151,31,0,2
BRDA:151,31,1,22
BRDA:151,32,0,24
BRDA:151,32,1,23
BRDA:152,33,0,4
BRDA:152,33,1,18
BRDA:154,34,0,1
BRDA:154,34,1,17
BRDA:154,35,0,18
BRDA:154,35,1,1
BRDA:161,36,0,3
BRDA:161,36,1,14
BRDA:161,37,0,17
BRDA:161,37,1,2
BRDA:161,37,2,15
BRDA:161,37,3,1
BRF:79
BRH:58
end_of_record
TN:
SF:src/schema/merger.ts
FN:12,mergeSchemas
FNF:1
FNH:1
FNDA:12,mergeSchemas
DA:13,12
DA:19,12
DA:20,0
DA:23,12
LF:4
LH:3
BRDA:14,0,0,12
BRDA:14,0,1,4
BRDA:15,1,0,12
BRDA:15,1,1,2
BRDA:19,2,0,12
BRDA:19,2,1,12
BRDA:24,3,0,12
BRDA:24,3,1,8
BRDA:25,4,0,12
BRDA:25,4,1,12
BRDA:26,5,0,12
BRDA:26,5,1,12
BRDA:29,6,0,12
BRDA:29,6,1,12
BRDA:30,7,0,4
BRDA:30,7,1,8
BRDA:30,8,0,12
BRDA:30,8,1,5
BRDA:32,9,0,12
BRDA:32,9,1,11
BRF:20
BRH:20
end_of_record
TN:
SF:src/schema/query.ts
FN:16,evaluateQuery
FN:24,(anonymous_1)
FN:26,(anonymous_2)
FN:31,splitOuter
FN:61,evaluateTerm
FN:77,(anonymous_5)
FNF:6
FNH:6
FNDA:24,evaluateQuery
FNDA:27,(anonymous_1)
FNDA:30,(anonymous_2)
FNDA:51,splitOuter
FNDA:30,evaluateTerm
FNDA:11,(anonymous_5)
DA:23,24
DA:24,24
DA:25,27
DA:26,30
DA:32,51
DA:33,51
DA:34,51
DA:35,51
DA:36,51
DA:37,51
DA:38,51
DA:40,51
DA:41,497
DA:42,497
DA:43,230
DA:44,267
DA:45,32
DA:46,32
DA:47,235
DA:48,0
DA:49,235
DA:50,0
DA:51,235
DA:52,7
DA:53,7
DA:54,7
DA:57,51
DA:58,51
DA:68,30
DA:69,30
DA:70,0
DA:71,0
DA:75,30
DA:76,11
DA:77,11
DA:78,11
DA:79,11
DA:84,19
DA:85,19
DA:86,2
DA:87,2
DA:91,2
DA:92,2
DA:99,17
DA:100,17
DA:101,17
DA:104,0
LF:47
LH:42
BRDA:41,0,0,497
BRDA:41,0,1,0
BRDA:42,1,0,230
BRDA:42,1,1,267
BRDA:43,2,0,32
BRDA:43,2,1,198
BRDA:44,3,0,32
BRDA:44,3,1,235
BRDA:44,4,0,267
BRDA:44,4,1,235
BRDA:47,5,0,0
BRDA:47,5,1,235
BRDA:49,6,0,0
BRDA:49,6,1,235
BRDA:51,7,0,7
BRDA:51,7,1,228
BRDA:51,8,0,235
BRDA:51,8,1,235
BRDA:69,9,0,0
BRDA:69,9,1,30
BRDA:69,10,0,30
BRDA:69,10,1,0
BRDA:75,11,0,11
BRDA:75,11,1,19
BRDA:79,12,0,11
BRDA:79,12,1,3
BRDA:85,13,0,2
BRDA:85,13,1,17
BRDA:85,14,0,19
BRDA:85,14,1,2
BRDA:85,14,2,2
BRDA:93,15,0,0
BRDA:93,15,1,2
BRDA:93,16,0,2
BRDA:93,16,1,2
BRDA:100,17,0,17
BRDA:100,17,1,0
BRF:37
BRH:30
end_of_record
TN:
SF:src/schema/resolver.ts
FN:11,(anonymous_0)
FN:15,(anonymous_1)
FN:19,(anonymous_2)
FN:27,(anonymous_3)
FN:47,(anonymous_4)
FN:62,(anonymous_5)
FN:75,(anonymous_6)
FN:80,(anonymous_7)
FN:96,(anonymous_8)
FN:106,(anonymous_9)
FN:120,(anonymous_10)
FN:132,targetSpecificity
FNF:12
FNH:10
FNDA:7,(anonymous_0)
FNDA:0,(anonymous_1)
FNDA:7,(anonymous_2)
FNDA:16,(anonymous_3)
FNDA:16,(anonymous_4)
FNDA:16,(anonymous_5)
FNDA:7,(anonymous_6)
FNDA:3,(anonymous_7)
FNDA:2,(anonymous_8)
FNDA:12,(anonymous_9)
FNDA:0,(anonymous_10)
FNDA:4,targetSpecificity
DA:8,7
DA:12,7
DA:16,0
DA:20,7
DA:21,7
DA:22,12
DA:23,12
DA:28,16
DA:29,0
DA:30,0
DA:32,16
DA:34,16
DA:35,16
DA:36,12
DA:39,4
DA:40,4
DA:42,4
DA:43,4
DA:44,4
DA:48,16
DA:49,1
DA:51,1
DA:53,1
DA:56,15
DA:57,15
DA:58,15
DA:59,15
DA:63,16
DA:78,7
DA:79,7
DA:80,3
DA:85,7
DA:87,7
DA:88,12
DA:89,8
DA:93,7
DA:94,6
DA:96,2
DA:97,2
DA:98,2
DA:99,2
DA:101,2
DA:103,2
DA:112,12
DA:113,12
DA:115,12
DA:116,9
DA:119,3
DA:120,0
DA:121,0
DA:123,0
DA:124,0
DA:128,3
DA:133,4
LF:54
LH:47
BRDA:23,0,0,12
BRDA:23,0,1,0
BRDA:28,1,0,0
BRDA:28,1,1,16
BRDA:35,2,0,12
BRDA:35,2,1,4
BRDA:40,3,0,0
BRDA:40,3,1,4
BRDA:48,4,0,1
BRDA:48,4,1,15
BRDA:51,5,0,1
BRDA:51,5,1,0
BRDA:53,6,0,1
BRDA:53,6,1,0
BRDA:57,7,0,0
BRDA:57,7,1,15
BRDA:59,8,0,15
BRDA:59,8,1,12
BRDA:65,9,0,16
BRDA:65,9,1,0
BRDA:65,9,2,0
BRDA:66,10,0,16
BRDA:66,10,1,16
BRDA:68,11,0,16
BRDA:68,11,1,0
BRDA:69,12,0,16
BRDA:69,12,1,0
BRDA:70,13,0,16
BRDA:70,13,1,16
BRDA:79,14,0,3
BRDA:79,14,1,4
BRDA:81,15,0,0
BRDA:81,15,1,4
BRDA:81,16,0,4
BRDA:81,16,1,0
BRDA:88,17,0,8
BRDA:88,17,1,4
BRDA:93,18,0,1
BRDA:93,18,1,6
BRDA:94,19,0,4
BRDA:94,19,1,2
BRDA:94,20,0,4
BRDA:94,20,1,0
BRDA:97,21,0,0
BRDA:97,21,1,2
BRDA:99,22,0,0
BRDA:99,22,1,2
BRDA:103,23,0,2
BRDA:103,23,1,0
BRDA:113,24,0,0
BRDA:113,24,1,12
BRDA:115,25,0,9
BRDA:115,25,1,3
BRDA:119,26,0,0
BRDA:119,26,1,3
BRDA:123,27,0,0
BRDA:123,27,1,0
BRDA:123,28,0,0
BRDA:123,28,1,0
BRDA:133,29,0,4
BRDA:133,29,1,0
BRDA:133,30,0,0
BRDA:133,30,1,4
BRF:63
BRH:39
end_of_record
TN:
SF:src/schema/source-resolver.ts
FN:5,resolveSource
FN:18,(anonymous_1)
FN:21,(anonymous_2)
FN:29,(anonymous_3)
FN:32,(anonymous_4)
FN:33,(anonymous_5)
FN:36,fileMatchesSource
FN:49,(anonymous_7)
FN:61,(anonymous_8)
FN:78,coerceToString
FN:101,resolveJsSource
FN:146,(anonymous_11)
FNF:12
FNH:6
FNDA:4,resolveSource
FNDA:0,(anonymous_1)
FNDA:0,(anonymous_2)
FNDA:0,(anonymous_3)
FNDA:10,(anonymous_4)
FNDA:5,(anonymous_5)
FNDA:10,fileMatchesSource
FNDA:2,(anonymous_7)
FNDA:5,(anonymous_8)
FNDA:0,coerceToString
FNDA:0,resolveJsSource
FNDA:0,(anonymous_11)
DA:10,4
DA:11,0
DA:14,4
DA:16,4
DA:17,0
DA:18,0
DA:19,0
DA:20,0
DA:22,0
DA:26,0
DA:27,0
DA:29,0
DA:32,10
DA:33,5
DA:37,10
DA:39,10
DA:40,6
DA:44,10
DA:45,7
DA:47,7
DA:49,2
DA:50,2
DA:52,2
DA:53,2
DA:56,7
DA:57,5
DA:61,5
DA:62,5
DA:63,5
DA:64,5
DA:66,5
DA:70,10
DA:71,10
DA:79,0
DA:80,0
DA:81,0
DA:83,0
DA:84,0
DA:86,0
DA:93,0
DA:106,0
DA:108,0
DA:109,0
DA:110,0
DA:111,0
DA:113,0
DA:114,0
DA:121,0
DA:122,0
DA:124,0
DA:128,0
DA:130,0
DA:136,0
DA:139,0
DA:140,0
DA:141,0
DA:142,0
DA:144,0
DA:146,0
DA:147,0
DA:148,0
DA:149,0
DA:150,0
DA:151,0
DA:154,0
DA:155,0
LF:66
LH:24
BRDA:10,0,0,0
BRDA:10,0,1,4
BRDA:16,1,0,0
BRDA:16,1,1,4
BRDA:21,2,0,0
BRDA:21,2,1,0
BRDA:24,3,0,0
BRDA:24,3,1,0
BRDA:26,4,0,0
BRDA:26,4,1,0
BRDA:39,5,0,6
BRDA:39,5,1,4
BRDA:44,6,0,7
BRDA:44,6,1,3
BRDA:44,7,0,10
BRDA:44,7,1,8
BRDA:47,8,0,2
BRDA:47,8,1,5
BRDA:49,9,0,2
BRDA:49,9,1,0
BRDA:52,10,0,2
BRDA:52,10,1,2
BRDA:53,11,0,2
BRDA:53,11,1,1
BRDA:56,12,0,5
BRDA:56,12,1,2
BRDA:57,13,0,5
BRDA:57,13,1,0
BRDA:63,14,0,0
BRDA:63,14,1,5
BRDA:63,15,0,5
BRDA:63,15,1,5
BRDA:70,16,0,0
BRDA:70,16,1,10
BRDA:79,17,0,0
BRDA:79,17,1,0
BRDA:79,18,0,0
BRDA:79,18,1,0
BRDA:80,19,0,0
BRDA:80,19,1,0
BRDA:81,20,0,0
BRDA:81,20,1,0
BRDA:81,21,0,0
BRDA:81,21,1,0
BRDA:83,22,0,0
BRDA:83,22,1,0
BRDA:83,23,0,0
BRDA:83,23,1,0
BRDA:87,24,0,0
BRDA:87,24,1,0
BRDA:114,25,0,0
BRDA:114,25,1,0
BRDA:115,26,0,0
BRDA:115,26,1,0
BRDA:115,26,2,0
BRDA:115,26,3,0
BRDA:115,26,4,0
BRDA:139,27,0,0
BRDA:139,27,1,0
BRDA:141,28,0,0
BRDA:141,28,1,0
BRDA:141,29,0,0
BRDA:141,29,1,0
BRDA:141,29,2,0
BRDA:147,30,0,0
BRDA:147,30,1,0
BRDA:150,31,0,0
BRDA:150,31,1,0
BRF:68
BRH:22
end_of_record
TN:
SF:src/validation/auto-fix.ts
FN:8,applyAutoFix
FN:65,(anonymous_1)
FN:66,(anonymous_2)
FNF:3
FNH:3
FNDA:18,applyAutoFix
FNDA:5,(anonymous_1)
FNDA:4,(anonymous_2)
DA:13,18
DA:14,18
DA:17,18
DA:18,6
DA:19,4
DA:20,4
DA:22,6
DA:26,12
DA:28,2
DA:32,2
DA:33,1
DA:34,1
DA:40,12
DA:46,1
DA:47,1
DA:51,12
DA:52,12
DA:58,0
DA:59,0
DA:63,12
DA:64,2
DA:65,5
DA:66,4
DA:67,1
DA:68,1
DA:72,12
LF:26
LH:24
BRDA:17,0,0,6
BRDA:17,0,1,12
BRDA:18,1,0,4
BRDA:18,1,1,2
BRDA:26,2,0,2
BRDA:26,2,1,10
BRDA:28,3,0,2
BRDA:28,3,1,1
BRDA:28,3,2,1
BRDA:28,3,3,1
BRDA:28,3,4,0
BRDA:32,4,0,1
BRDA:32,4,1,1
BRDA:40,5,0,1
BRDA:40,5,1,11
BRDA:41,6,0,12
BRDA:41,6,1,4
BRDA:41,6,2,4
BRDA:41,6,3,4
BRDA:52,7,0,0
BRDA:52,7,1,12
BRDA:53,8,0,12
BRDA:53,8,1,0
BRDA:53,8,2,0
BRDA:53,8,3,0
BRDA:63,9,0,2
BRDA:63,9,1,10
BRDA:63,10,0,12
BRDA:63,10,1,2
BRDA:66,11,0,1
BRDA:66,11,1,1
BRF:31
BRH:26
end_of_record
TN:
SF:src/validation/engine.ts
FN:16,(anonymous_0)
FN:20,(anonymous_1)
FN:59,(anonymous_2)
FN:157,(anonymous_3)
FN:160,(anonymous_4)
FN:161,(anonymous_5)
FN:163,(anonymous_6)
FNF:7
FNH:7
FNDA:11,(anonymous_0)
FNDA:4,(anonymous_1)
FNDA:12,(anonymous_2)
FNDA:4,(anonymous_3)
FNDA:12,(anonymous_4)
FNDA:12,(anonymous_5)
FNDA:10,(anonymous_6)
DA:17,11
DA:25,4
DA:27,4
DA:28,12
DA:35,12
DA:39,4
DA:42,4
DA:43,4
DA:44,4
DA:45,1
DA:56,4
DA:66,12
DA:70,12
DA:72,12
DA:77,12
DA:78,12
DA:79,4
DA:90,12
DA:92,12
DA:93,4
DA:94,4
DA:97,12
DA:98,4
DA:99,4
DA:100,3
DA:101,3
DA:102,3
DA:103,0
DA:105,0
DA:106,0
DA:108,3
DA:109,3
DA:116,3
DA:121,12
DA:122,4
DA:123,4
DA:126,12
DA:127,0
DA:128,0
DA:131,12
DA:132,0
DA:133,0
DA:134,0
DA:137,12
DA:138,0
DA:139,0
DA:142,12
DA:143,0
DA:151,0
DA:154,12
DA:158,4
DA:159,4
DA:160,12
DA:161,12
DA:163,10
DA:164,1
DA:165,3
DA:166,3
DA:167,1
LF:59
LH:47
BRDA:39,0,0,0
BRDA:39,0,1,4
BRDA:42,1,0,4
BRDA:42,1,1,0
BRDA:44,2,0,1
BRDA:44,2,1,3
BRDA:72,3,0,12
BRDA:72,3,1,8
BRDA:72,3,2,8
BRDA:72,3,3,8
BRDA:72,3,4,0
BRDA:78,4,0,4
BRDA:78,4,1,8
BRDA:84,5,0,3
BRDA:84,5,1,1
BRDA:84,6,0,0
BRDA:84,6,1,1
BRDA:92,7,0,4
BRDA:92,7,1,8
BRDA:94,8,0,0
BRDA:94,8,1,4
BRDA:97,9,0,4
BRDA:97,9,1,8
BRDA:98,10,0,4
BRDA:98,10,1,1
BRDA:99,11,0,3
BRDA:99,11,1,1
BRDA:101,12,0,3
BRDA:101,12,1,0
BRDA:103,13,0,0
BRDA:103,13,1,0
BRDA:106,14,0,0
BRDA:106,14,1,0
BRDA:108,15,0,3
BRDA:108,15,1,0
BRDA:116,16,0,1
BRDA:116,16,1,2
BRDA:121,17,0,4
BRDA:121,17,1,8
BRDA:121,18,0,12
BRDA:121,18,1,4
BRDA:121,18,2,0
BRDA:123,19,0,0
BRDA:123,19,1,4
BRDA:126,20,0,0
BRDA:126,20,1,12
BRDA:128,21,0,0
BRDA:128,21,1,0
BRDA:131,22,0,0
BRDA:131,22,1,12
BRDA:131,23,0,12
BRDA:131,23,1,12
BRDA:131,23,2,0
BRDA:134,24,0,0
BRDA:134,24,1,0
BRDA:137,25,0,0
BRDA:137,25,1,12
BRDA:137,26,0,12
BRDA:137,26,1,12
BRDA:137,26,2,0
BRDA:139,27,0,0
BRDA:139,27,1,0
BRDA:142,28,0,0
BRDA:142,28,1,12
BRDA:151,29,0,0
BRDA:151,29,1,0
BRDA:163,30,0,3
BRDA:163,30,1,1
BRF:68
BRH:41
end_of_record
TN:
SF:src/validation/rules/date-format.ts
FN:6,getFormatRegex
FN:20,buildFormatRegex
FN:53,extractYMD
FN:73,(anonymous_3)
FN:76,(anonymous_4)
FN:86,isCalendarDate
FN:92,checkDateFormat
FNF:7
FNH:7
FNDA:14,getFormatRegex
FNDA:5,buildFormatRegex
FNDA:10,extractYMD
FNDA:21,(anonymous_3)
FNDA:27,(anonymous_4)
FNDA:9,isCalendarDate
FNDA:20,checkDateFormat
DA:4,3
DA:7,14
DA:8,14
DA:9,5
DA:10,5
DA:12,14
DA:21,5
DA:22,5
DA:23,5
DA:24,25
DA:25,4
DA:26,4
DA:27,21
DA:28,1
DA:29,1
DA:30,20
DA:31,5
DA:32,5
DA:33,15
DA:34,5
DA:35,5
DA:36,10
DA:37,0
DA:38,0
DA:41,10
DA:42,10
DA:45,5
DA:54,10
DA:55,10
DA:56,10
DA:57,10
DA:60,9
DA:64,9
DA:65,10
DA:66,10
DA:69,9
DA:73,21
DA:75,9
DA:76,9
DA:77,27
DA:80,9
DA:81,10
DA:82,10
DA:83,10
DA:87,9
DA:88,8
DA:89,8
DA:98,20
DA:99,18
DA:100,17
DA:101,17
DA:103,16
DA:104,14
DA:105,14
DA:106,4
DA:116,10
DA:117,10
DA:118,9
DA:119,9
DA:120,4
DA:132,2
DA:133,1
DA:144,7
LF:63
LH:61
BRDA:8,0,0,5
BRDA:8,0,1,9
BRDA:24,1,0,4
BRDA:24,1,1,21
BRDA:27,2,0,1
BRDA:27,2,1,20
BRDA:30,3,0,5
BRDA:30,3,1,15
BRDA:33,4,0,5
BRDA:33,4,1,10
BRDA:36,5,0,0
BRDA:36,5,1,10
BRDA:36,6,0,10
BRDA:36,6,1,10
BRDA:41,7,0,10
BRDA:41,7,1,0
BRDA:57,8,0,1
BRDA:57,8,1,9
BRDA:57,9,0,10
BRDA:57,9,1,9
BRDA:57,9,2,9
BRDA:64,10,0,9
BRDA:64,10,1,0
BRDA:65,11,0,9
BRDA:65,11,1,0
BRDA:66,12,0,0
BRDA:66,12,1,10
BRDA:66,13,0,10
BRDA:66,13,1,9
BRDA:77,14,0,27
BRDA:77,14,1,0
BRDA:80,15,0,9
BRDA:80,15,1,0
BRDA:81,16,0,10
BRDA:81,16,1,0
BRDA:82,17,0,10
BRDA:82,17,1,0
BRDA:87,18,0,1
BRDA:87,18,1,8
BRDA:87,19,0,9
BRDA:87,19,1,9
BRDA:87,19,2,8
BRDA:89,20,0,8
BRDA:89,20,1,8
BRDA:89,20,2,5
BRDA:98,21,0,2
BRDA:98,21,1,18
BRDA:98,22,0,20
BRDA:98,22,1,19
BRDA:99,23,0,1
BRDA:99,23,1,17
BRDA:99,24,0,18
BRDA:99,24,1,1
BRDA:101,25,0,1
BRDA:101,25,1,16
BRDA:103,26,0,14
BRDA:103,26,1,2
BRDA:105,27,0,4
BRDA:105,27,1,10
BRDA:117,28,0,9
BRDA:117,28,1,1
BRDA:119,29,0,4
BRDA:119,29,1,5
BRDA:132,30,0,1
BRDA:132,30,1,1
BRF:65
BRH:56
end_of_record
TN:
SF:src/validation/rules/folder-location.ts
FN:19,checkFolderLocation
FNF:1
FNH:1
FNDA:8,checkFolderLocation
DA:24,8
DA:26,8
DA:28,4
DA:29,8
DA:31,8
LF:5
LH:5
BRDA:24,0,0,7
BRDA:24,0,1,1
BRDA:26,1,0,4
BRDA:26,1,1,4
BRDA:28,2,0,4
BRDA:28,2,1,0
BRF:6
BRH:5
end_of_record
TN:
SF:src/validation/rules/js-validator.ts
FN:6,runJsValidator
FN:35,(anonymous_1)
FN:36,(anonymous_2)
FN:50,(anonymous_3)
FNF:4
FNH:0
FNDA:0,runJsValidator
FNDA:0,(anonymous_1)
FNDA:0,(anonymous_2)
FNDA:0,(anonymous_3)
DA:4,2
DA:14,0
DA:15,0
DA:16,0
DA:18,0
DA:20,0
DA:21,0
DA:22,0
DA:28,0
DA:29,0
DA:31,0
DA:35,0
DA:36,0
DA:38,0
DA:50,0
DA:51,0
DA:53,0
DA:60,0
DA:61,0
DA:62,0
DA:71,0
DA:82,0
LF:22
LH:1
BRDA:18,0,0,0
BRDA:18,0,1,0
BRDA:22,1,0,0
BRDA:22,1,1,0
BRDA:23,2,0,0
BRDA:23,2,1,0
BRDA:23,2,2,0
BRDA:23,2,3,0
BRDA:61,3,0,0
BRDA:61,3,1,0
BRDA:65,4,0,0
BRDA:65,4,1,0
BRF:12
BRH:0
end_of_record
TN:
SF:src/validation/rules/link-exists.ts
FN:9,resolveLink
FN:27,checkLinkExists
FN:51,(anonymous_2)
FNF:3
FNH:3
FNDA:10,resolveLink
FNDA:11,checkLinkExists
FNDA:3,(anonymous_2)
DA:10,10
DA:13,10
DA:14,10
DA:17,10
DA:18,10
DA:21,10
DA:22,10
DA:24,10
DA:35,11
DA:37,9
DA:38,11
DA:40,11
DA:41,11
DA:42,11
DA:43,10
DA:46,9
DA:48,3
DA:51,3
LF:18
LH:18
BRDA:13,0,0,2
BRDA:13,0,1,8
BRDA:14,1,0,2
BRDA:14,1,1,8
BRDA:18,2,0,1
BRDA:18,2,1,9
BRDA:22,3,0,0
BRDA:22,3,1,10
BRDA:35,4,0,2
BRDA:35,4,1,9
BRDA:35,5,0,11
BRDA:35,5,1,10
BRDA:37,6,0,2
BRDA:37,6,1,7
BRDA:42,7,0,1
BRDA:42,7,1,10
BRDA:43,8,0,3
BRDA:43,8,1,7
BRDA:46,9,0,6
BRDA:46,9,1,3
BRF:20
BRH:19
end_of_record
TN:
SF:src/validation/rules/link-source.ts
FN:3,checkLinkSource
FN:11,(anonymous_1)
FN:14,(anonymous_2)
FN:27,(anonymous_3)
FN:34,(anonymous_4)
FNF:5
FNH:5
FNDA:4,checkLinkSource
FNDA:6,(anonymous_1)
FNDA:4,(anonymous_2)
FNDA:4,(anonymous_3)
FNDA:2,(anonymous_4)
DA:9,4
DA:11,6
DA:14,3
DA:15,4
DA:16,4
DA:17,4
DA:19,4
DA:20,4
DA:22,4
DA:23,4
DA:24,4
DA:26,3
DA:27,4
DA:29,4
DA:31,2
DA:34,2
LF:16
LH:16
BRDA:9,0,0,1
BRDA:9,0,1,3
BRDA:9,1,0,4
BRDA:9,1,1,3
BRDA:16,2,0,0
BRDA:16,2,1,4
BRDA:17,3,0,0
BRDA:17,3,1,4
BRDA:20,4,0,0
BRDA:20,4,1,4
BRDA:23,5,0,0
BRDA:23,5,1,4
BRDA:26,6,0,1
BRDA:26,6,1,2
BRDA:29,7,0,1
BRDA:29,7,1,3
BRF:16
BRH:12
end_of_record
TN:
SF:src/validation/rules/number-range.ts
FN:3,checkNumberRange
FNF:1
FNH:1
FNDA:10,checkNumberRange
DA:10,10
DA:12,9
DA:13,9
DA:15,9
DA:16,2
DA:25,7
DA:26,1
DA:35,6
LF:8
LH:8
BRDA:10,0,0,1
BRDA:10,0,1,9
BRDA:10,1,0,10
BRDA:10,1,1,9
BRDA:13,2,0,0
BRDA:13,2,1,9
BRDA:15,3,0,2
BRDA:15,3,1,7
BRDA:15,4,0,9
BRDA:15,4,1,9
BRDA:25,5,0,1
BRDA:25,5,1,6
BRDA:25,6,0,7
BRDA:25,6,1,6
BRF:14
BRH:13
end_of_record
TN:
SF:src/validation/rules/options.ts
FN:3,checkOptions
FN:12,(anonymous_1)
FN:17,(anonymous_2)
FN:18,(anonymous_3)
FN:25,(anonymous_4)
FNF:5
FNH:5
FNDA:14,checkOptions
FNDA:36,(anonymous_1)
FNDA:10,(anonymous_2)
FNDA:13,(anonymous_3)
FNDA:3,(anonymous_4)
DA:10,14
DA:12,36
DA:13,12
DA:17,14
DA:18,14
DA:20,14
DA:22,3
DA:25,3
LF:8
LH:8
BRDA:8,0,0,14
BRDA:10,1,0,2
BRDA:10,1,1,12
BRDA:10,2,0,14
BRDA:10,2,1,12
BRDA:13,3,0,6
BRDA:13,3,1,6
BRDA:17,4,0,7
BRDA:17,4,1,5
BRDA:20,5,0,9
BRDA:20,5,1,5
BRF:11
BRH:11
end_of_record
TN:
SF:src/validation/rules/required.ts
FN:3,checkRequired
FNF:1
FNH:1
FNDA:17,checkRequired
DA:10,17
DA:12,2
LF:2
LH:2
BRDA:10,0,0,15
BRDA:10,0,1,2
BRF:2
BRH:2
end_of_record
